mobile/build/intermediates/manifest_merge_blame_file/debug/manifest-merger-blame-debug-report.txt
1<?xml version="1.0" encoding="utf-8"?>
2<manifest xmlns:android="http://schemas.android.com/apk/res/android"
3    package="pl.matkmiec.mobile"
4    android:versionCode="1"
5    android:versionName="1.0" >
6
7    <uses-sdk
8        android:minSdkVersion="24"
9        android:targetSdkVersion="35" />
10
11    <uses-permission android:name="android.permission.INTERNET" />
11-->src\main\AndroidManifest.xml:5:5-67
11-->src\main\AndroidManifest.xml:5:22-64
12    <uses-permission android:name="android.permission.READ_CONTACTS" />
12-->src\main\AndroidManifest.xml:6:5-72
12-->src\main\AndroidManifest.xml:6:22-69
13    <uses-permission android:name="android.permission.WRITE_CONTACTS" />
13-->src\main\AndroidManifest.xml:7:5-73
13-->src\main\AndroidManifest.xml:7:22-70
14    <uses-permission android:name="android.permission.READ_SMS" />
14-->src\main\AndroidManifest.xml:8:5-67
14-->src\main\AndroidManifest.xml:8:22-64
15    <uses-permission android:name="android.permission.WRITE_SMS" />
15-->src\main\AndroidManifest.xml:9:5-68
15-->src\main\AndroidManifest.xml:9:22-65
16    <uses-permission android:name="android.permission.SEND_SMS" />
16-->src\main\AndroidManifest.xml:10:5-67
16-->src\main\AndroidManifest.xml:10:22-64
17    <uses-permission android:name="android.permission.RECEIVE_SMS" />
17-->src\main\AndroidManifest.xml:11:5-70
17-->src\main\AndroidManifest.xml:11:22-67
18    <uses-permission android:name="android.permission.RECEIVE_WAP_PUSH" />
18-->src\main\AndroidManifest.xml:12:5-75
18-->src\main\AndroidManifest.xml:12:22-72
19    <uses-permission android:name="android.permission.RECEIVE_MMS" />
19-->src\main\AndroidManifest.xml:13:5-70
19-->src\main\AndroidManifest.xml:13:22-67
20
21    <permission
21-->[androidx.core:core:1.13.1] AndroidManifest.xml:22:5-24:47
22        android:name="pl.matkmiec.mobile.DYNAMIC_RECEIVER_NOT_EXPORTED_PERMISSION"
22-->[androidx.core:core:1.13.1] AndroidManifest.xml:23:9-81
23        android:protectionLevel="signature" />
23-->[androidx.core:core:1.13.1] AndroidManifest.xml:24:9-44
24
25    <uses-permission android:name="pl.matkmiec.mobile.DYNAMIC_RECEIVER_NOT_EXPORTED_PERMISSION" />
25-->[androidx.core:core:1.13.1] AndroidManifest.xml:26:5-97
25-->[androidx.core:core:1.13.1] AndroidManifest.xml:26:22-94
26
27    <application
27-->src\main\AndroidManifest.xml:15:5-86:19
28        android:allowBackup="true"
28-->src\main\AndroidManifest.xml:16:9-35
29        android:appComponentFactory="androidx.core.app.CoreComponentFactory"
29-->[androidx.core:core:1.13.1] AndroidManifest.xml:28:18-86
30        android:debuggable="true"
31        android:extractNativeLibs="false"
32        android:icon="@drawable/ic_launcher"
32-->src\main\AndroidManifest.xml:18:9-45
33        android:label="@string/app_name"
33-->src\main\AndroidManifest.xml:19:9-41
34        android:roundIcon="@drawable/ic_launcher_round"
34-->src\main\AndroidManifest.xml:20:9-56
35        android:supportsRtl="true"
35-->src\main\AndroidManifest.xml:21:9-35
36        android:testOnly="true"
37        android:theme="@style/Theme.SafeBackup"
37-->src\main\AndroidManifest.xml:22:9-48
38        android:usesCleartextTraffic="true" >
38-->src\main\AndroidManifest.xml:17:9-44
39        <activity
39-->src\main\AndroidManifest.xml:24:9-32:20
40            android:name="pl.matkmiec.mobile.MainActivity"
40-->src\main\AndroidManifest.xml:25:13-41
41            android:exported="true"
41-->src\main\AndroidManifest.xml:26:13-36
42            android:theme="@style/Theme.SafeBackup" >
42-->src\main\AndroidManifest.xml:27:13-52
43            <intent-filter>
43-->src\main\AndroidManifest.xml:28:13-31:29
44                <action android:name="android.intent.action.MAIN" />
44-->src\main\AndroidManifest.xml:29:17-69
44-->src\main\AndroidManifest.xml:29:25-66
45
46                <category android:name="android.intent.category.LAUNCHER" />
46-->src\main\AndroidManifest.xml:30:17-77
46-->src\main\AndroidManifest.xml:30:27-74
47            </intent-filter>
48        </activity>
49        <activity
49-->src\main\AndroidManifest.xml:34:9-51:20
50            android:name="pl.matkmiec.mobile.utils.ComposeSmsActivity"
50-->src\main\AndroidManifest.xml:35:13-53
51            android:exported="true" >
51-->src\main\AndroidManifest.xml:36:13-36
52            <intent-filter>
52-->src\main\AndroidManifest.xml:37:13-45:29
53                <action android:name="android.intent.action.SENDTO" />
53-->src\main\AndroidManifest.xml:38:17-71
53-->src\main\AndroidManifest.xml:38:25-68
54
55                <category android:name="android.intent.category.DEFAULT" />
55-->src\main\AndroidManifest.xml:39:17-76
55-->src\main\AndroidManifest.xml:39:27-73
56                <category android:name="android.intent.category.BROWSABLE" />
56-->src\main\AndroidManifest.xml:40:17-78
56-->src\main\AndroidManifest.xml:40:27-75
57
58                <data android:scheme="sms" />
58-->src\main\AndroidManifest.xml:41:17-46
58-->src\main\AndroidManifest.xml:41:23-43
59                <data android:scheme="smsto" />
59-->src\main\AndroidManifest.xml:41:17-46
59-->src\main\AndroidManifest.xml:41:23-43
60                <data android:scheme="mms" />
60-->src\main\AndroidManifest.xml:41:17-46
60-->src\main\AndroidManifest.xml:41:23-43
61                <data android:scheme="mmsto" />
61-->src\main\AndroidManifest.xml:41:17-46
61-->src\main\AndroidManifest.xml:41:23-43
62            </intent-filter>
63            <intent-filter>
63-->src\main\AndroidManifest.xml:46:13-50:29
64                <action android:name="android.intent.action.SEND" />
64-->src\main\AndroidManifest.xml:47:17-69
64-->src\main\AndroidManifest.xml:47:25-66
65
66                <category android:name="android.intent.category.DEFAULT" />
66-->src\main\AndroidManifest.xml:39:17-76
66-->src\main\AndroidManifest.xml:39:27-73
67
68                <data android:mimeType="text/plain" />
68-->src\main\AndroidManifest.xml:41:17-46
68-->src\main\AndroidManifest.xml:49:23-52
69            </intent-filter>
70        </activity>
71
72        <receiver
72-->src\main\AndroidManifest.xml:53:9-60:20
73            android:name="pl.matkmiec.mobile.utils.SmsReceiver"
73-->src\main\AndroidManifest.xml:54:13-46
74            android:exported="true"
74-->src\main\AndroidManifest.xml:56:13-36
75            android:permission="android.permission.BROADCAST_SMS" >
75-->src\main\AndroidManifest.xml:55:13-66
76            <intent-filter>
76-->src\main\AndroidManifest.xml:57:13-59:29
77                <action android:name="android.provider.Telephony.SMS_DELIVER" />
77-->src\main\AndroidManifest.xml:58:17-81
77-->src\main\AndroidManifest.xml:58:25-78
78            </intent-filter>
79        </receiver>
80        <receiver
80-->src\main\AndroidManifest.xml:62:9-70:20
81            android:name="pl.matkmiec.mobile.utils.MmsReceiver"
81-->src\main\AndroidManifest.xml:63:13-46
82            android:exported="true"
82-->src\main\AndroidManifest.xml:65:13-36
83            android:permission="android.permission.BROADCAST_WAP_PUSH" >
83-->src\main\AndroidManifest.xml:64:13-71
84            <intent-filter>
84-->src\main\AndroidManifest.xml:66:13-69:29
85                <action android:name="android.provider.Telephony.WAP_PUSH_DELIVER" />
85-->src\main\AndroidManifest.xml:67:17-86
85-->src\main\AndroidManifest.xml:67:25-83
86
87                <data android:mimeType="application/vnd.wap.mms-message" />
87-->src\main\AndroidManifest.xml:41:17-46
87-->src\main\AndroidManifest.xml:49:23-52
88            </intent-filter>
89        </receiver>
90
91        <service
91-->src\main\AndroidManifest.xml:72:9-84:19
92            android:name="pl.matkmiec.mobile.utils.HeadlessSmsSendService"
92-->src\main\AndroidManifest.xml:73:13-57
93            android:exported="true"
93-->src\main\AndroidManifest.xml:75:13-36
94            android:permission="android.permission.SEND_RESPOND_VIA_MESSAGE" >
94-->src\main\AndroidManifest.xml:74:13-77
95            <intent-filter>
95-->src\main\AndroidManifest.xml:76:13-83:29
96                <action android:name="android.telephony.action.RESPOND_VIA_MESSAGE" />
96-->src\main\AndroidManifest.xml:77:17-87
96-->src\main\AndroidManifest.xml:77:25-84
97
98                <category android:name="android.intent.category.DEFAULT" />
98-->src\main\AndroidManifest.xml:39:17-76
98-->src\main\AndroidManifest.xml:39:27-73
99
100                <data android:scheme="sms" />
100-->src\main\AndroidManifest.xml:41:17-46
100-->src\main\AndroidManifest.xml:41:23-43
101                <data android:scheme="smsto" />
101-->src\main\AndroidManifest.xml:41:17-46
101-->src\main\AndroidManifest.xml:41:23-43
102                <data android:scheme="mms" />
102-->src\main\AndroidManifest.xml:41:17-46
102-->src\main\AndroidManifest.xml:41:23-43
103                <data android:scheme="mmsto" />
103-->src\main\AndroidManifest.xml:41:17-46
103-->src\main\AndroidManifest.xml:41:23-43
104            </intent-filter>
105        </service>
106
107        <activity
107-->[androidx.compose.ui:ui-test-manifest:1.6.7] AndroidManifest.xml:23:9-25:39
108            android:name="androidx.activity.ComponentActivity"
108-->[androidx.compose.ui:ui-test-manifest:1.6.7] AndroidManifest.xml:24:13-63
109            android:exported="true" />
109-->[androidx.compose.ui:ui-test-manifest:1.6.7] AndroidManifest.xml:25:13-36
110        <activity
110-->[androidx.compose.ui:ui-tooling-android:1.6.7] AndroidManifest.xml:23:9-25:39
111            android:name="androidx.compose.ui.tooling.PreviewActivity"
111-->[androidx.compose.ui:ui-tooling-android:1.6.7] AndroidManifest.xml:24:13-71
112            android:exported="true" />
112-->[androidx.compose.ui:ui-tooling-android:1.6.7] AndroidManifest.xml:25:13-36
113
114        <provider
114-->[androidx.emoji2:emoji2:1.3.0] AndroidManifest.xml:24:9-32:20
115            android:name="androidx.startup.InitializationProvider"
115-->[androidx.emoji2:emoji2:1.3.0] AndroidManifest.xml:25:13-67
116            android:authorities="pl.matkmiec.mobile.androidx-startup"
116-->[androidx.emoji2:emoji2:1.3.0] AndroidManifest.xml:26:13-68
117            android:exported="false" >
117-->[androidx.emoji2:emoji2:1.3.0] AndroidManifest.xml:27:13-37
118            <meta-data
118-->[androidx.emoji2:emoji2:1.3.0] AndroidManifest.xml:29:13-31:52
119                android:name="androidx.emoji2.text.EmojiCompatInitializer"
119-->[androidx.emoji2:emoji2:1.3.0] AndroidManifest.xml:30:17-75
120                android:value="androidx.startup" />
120-->[androidx.emoji2:emoji2:1.3.0] AndroidManifest.xml:31:17-49
121            <meta-data
121-->[androidx.lifecycle:lifecycle-process:2.8.0] AndroidManifest.xml:29:13-31:52
122                android:name="androidx.lifecycle.ProcessLifecycleInitializer"
122-->[androidx.lifecycle:lifecycle-process:2.8.0] AndroidManifest.xml:30:17-78
123                android:value="androidx.startup" />
123-->[androidx.lifecycle:lifecycle-process:2.8.0] AndroidManifest.xml:31:17-49
124            <meta-data
124-->[androidx.profileinstaller:profileinstaller:1.3.1] AndroidManifest.xml:29:13-31:52
125                android:name="androidx.profileinstaller.ProfileInstallerInitializer"
125-->[androidx.profileinstaller:profileinstaller:1.3.1] AndroidManifest.xml:30:17-85
126                android:value="androidx.startup" />
126-->[androidx.profileinstaller:profileinstaller:1.3.1] AndroidManifest.xml:31:17-49
127        </provider>
128
129        <receiver
129-->[androidx.profileinstaller:profileinstaller:1.3.1] AndroidManifest.xml:34:9-52:20
130            android:name="androidx.profileinstaller.ProfileInstallReceiver"
130-->[androidx.profileinstaller:profileinstaller:1.3.1] AndroidManifest.xml:35:13-76
131            android:directBootAware="false"
131-->[androidx.profileinstaller:profileinstaller:1.3.1] AndroidManifest.xml:36:13-44
132            android:enabled="true"
132-->[androidx.profileinstaller:profileinstaller:1.3.1] AndroidManifest.xml:37:13-35
133            android:exported="true"
133-->[androidx.profileinstaller:profileinstaller:1.3.1] AndroidManifest.xml:38:13-36
134            android:permission="android.permission.DUMP" >
134-->[androidx.profileinstaller:profileinstaller:1.3.1] AndroidManifest.xml:39:13-57
135            <intent-filter>
135-->[androidx.profileinstaller:profileinstaller:1.3.1] AndroidManifest.xml:40:13-42:29
136                <action android:name="androidx.profileinstaller.action.INSTALL_PROFILE" />
136-->[androidx.profileinstaller:profileinstaller:1.3.1] AndroidManifest.xml:41:17-91
136-->[androidx.profileinstaller:profileinstaller:1.3.1] AndroidManifest.xml:41:25-88
137            </intent-filter>
138            <intent-filter>
138-->[androidx.profileinstaller:profileinstaller:1.3.1] AndroidManifest.xml:43:13-45:29
139                <action android:name="androidx.profileinstaller.action.SKIP_FILE" />
139-->[androidx.profileinstaller:profileinstaller:1.3.1] AndroidManifest.xml:44:17-85
139-->[androidx.profileinstaller:profileinstaller:1.3.1] AndroidManifest.xml:44:25-82
140            </intent-filter>
141            <intent-filter>
141-->[androidx.profileinstaller:profileinstaller:1.3.1] AndroidManifest.xml:46:13-48:29
142                <action android:name="androidx.profileinstaller.action.SAVE_PROFILE" />
142-->[androidx.profileinstaller:profileinstaller:1.3.1] AndroidManifest.xml:47:17-88
142-->[androidx.profileinstaller:profileinstaller:1.3.1] AndroidManifest.xml:47:25-85
143            </intent-filter>
144            <intent-filter>
144-->[androidx.profileinstaller:profileinstaller:1.3.1] AndroidManifest.xml:49:13-51:29
145                <action android:name="androidx.profileinstaller.action.BENCHMARK_OPERATION" />
145-->[androidx.profileinstaller:profileinstaller:1.3.1] AndroidManifest.xml:50:17-95
145-->[androidx.profileinstaller:profileinstaller:1.3.1] AndroidManifest.xml:50:25-92
146            </intent-filter>
147        </receiver>
148    </application>
149
150</manifest>